Flutter crash report.
Please report a bug at https://github.com/flutter/flutter/issues.

## command

flutter run --no-sound-null-safety

## exception

StateError: Bad state: No context with the running Dart application.

```
#0      RemoteDebuggerExecutionContext.id (package:dwds/src/debugging/execution_context.dart:55:7)
<asynchronous suspension>
#1      AppInspector._getExtensionRpcs (package:dwds/src/debugging/inspector.dart:538:20)
<asynchronous suspension>
#2      AppInspector._initialize (package:dwds/src/debugging/inspector.dart:97:34)
<asynchronous suspension>
#3      AppInspector.initialize (package:dwds/src/debugging/inspector.dart:160:5)
<asynchronous suspension>
#4      ChromeProxyService.createIsolate (package:dwds/src/services/chrome_proxy_service.dart:216:18)
<asynchronous suspension>
```

## flutter doctor

```
[✓] Flutter (Channel dev, 2.11.0-0.1.pre, on Microsoft Windows [Version 10.0.22000.493], locale en-IN)
    • Flutter version 2.11.0-0.1.pre at C:\src\flutter
    • Upstream repository https://github.com/flutter/flutter.git
    • Framework revision b101bfe32f (13 days ago), 2022-02-16 07:36:54 -0800
    • Engine revision e355993572
    • Dart version 2.17.0 (build 2.17.0-69.2.beta)
    • DevTools version 2.10.0-dev.1

[✓] Android toolchain - develop for Android devices (Android SDK version 32.0.0)
    • Android SDK at C:\Users\Apoorv\AppData\Local\Android\Sdk
    • Platform android-32, build-tools 32.0.0
    • ANDROID_HOME = C:\Users\Apoorv\AppData\Local\Android\Sdk
    • Java binary at: C:\Program Files\Android\Android Studio\jre\bin\java
    • Java version OpenJDK Runtime Environment (build 11.0.11+9-b60-7590822)
    • All Android licenses accepted.

[✓] Chrome - develop for the web
    • Chrome at C:\Program Files (x86)\Google\Chrome\Application\chrome.exe

[✗] Visual Studio - develop for Windows
    ✗ Visual Studio not installed; this is necessary for Windows development.
      Download at https://visualstudio.microsoft.com/downloads/.
      Please install the "Desktop development with C++" workload, including all of its default components

[✓] Android Studio (version 2021.1)
    • Android Studio at C:\Program Files\Android\Android Studio
    • Flutter plugin can be installed from:
      🔨 https://plugins.jetbrains.com/plugin/9212-flutter
    • Dart plugin can be installed from:
      🔨 https://plugins.jetbrains.com/plugin/6351-dart
    • Java version OpenJDK Runtime Environment (build 11.0.11+9-b60-7590822)

[✓] VS Code (version 1.61.2)
    • VS Code at C:\Users\Apoorv\AppData\Local\Programs\Microsoft VS Code
    • Flutter extension can be installed from:
      🔨 https://marketplace.visualstudio.com/items?itemName=Dart-Code.flutter

[✓] Connected device (3 available)
    • Windows (desktop) • windows • windows-x64    • Microsoft Windows [Version 10.0.22000.493]
    • Chrome (web)      • chrome  • web-javascript • Google Chrome 98.0.4758.102
    • Edge (web)        • edge    • web-javascript • Microsoft Edge 98.0.1108.56

[✓] HTTP Host Availability
    • All required HTTP hosts are available

! Doctor found issues in 1 category.
```
